0 info it worked if it ends with ok
1 verbose cli [ '/Users/rosiebrigham/.nvm/versions/node/v4.4.1/bin/node',
1 verbose cli   '/Users/rosiebrigham/.nvm/versions/node/v4.4.1/bin/npm',
1 verbose cli   'run',
1 verbose cli   'main' ]
2 info using npm@2.14.20
3 info using node@v4.4.1
4 verbose stack Error: missing script: main
4 verbose stack     at run (/Users/rosiebrigham/.nvm/versions/node/v4.4.1/lib/node_modules/npm/lib/run-script.js:142:19)
4 verbose stack     at /Users/rosiebrigham/.nvm/versions/node/v4.4.1/lib/node_modules/npm/lib/run-script.js:58:5
4 verbose stack     at /Users/rosiebrigham/.nvm/versions/node/v4.4.1/lib/node_modules/npm/node_modules/read-package-json/read-json.js:345:5
4 verbose stack     at checkBinReferences_ (/Users/rosiebrigham/.nvm/versions/node/v4.4.1/lib/node_modules/npm/node_modules/read-package-json/read-json.js:309:45)
4 verbose stack     at final (/Users/rosiebrigham/.nvm/versions/node/v4.4.1/lib/node_modules/npm/node_modules/read-package-json/read-json.js:343:3)
4 verbose stack     at then (/Users/rosiebrigham/.nvm/versions/node/v4.4.1/lib/node_modules/npm/node_modules/read-package-json/read-json.js:113:5)
4 verbose stack     at ReadFileContext.<anonymous> (/Users/rosiebrigham/.nvm/versions/node/v4.4.1/lib/node_modules/npm/node_modules/read-package-json/read-json.js:284:20)
4 verbose stack     at ReadFileContext.callback (/Users/rosiebrigham/.nvm/versions/node/v4.4.1/lib/node_modules/npm/node_modules/graceful-fs/graceful-fs.js:78:16)
4 verbose stack     at FSReqWrap.readFileAfterOpen [as oncomplete] (fs.js:303:13)
5 verbose cwd /Users/rosiebrigham/uni/mod_two/LAB
6 error Darwin 16.0.0
7 error argv "/Users/rosiebrigham/.nvm/versions/node/v4.4.1/bin/node" "/Users/rosiebrigham/.nvm/versions/node/v4.4.1/bin/npm" "run" "main"
8 error node v4.4.1
9 error npm  v2.14.20
10 error missing script: main
11 error If you need help, you may report this error at:
11 error     <https://github.com/npm/npm/issues>
12 verbose exit [ 1, true ]
